ERROR [org.apache.catalina.core.ContainerBase.[Tomcat].[localhost].[/acme-jobs].[jsp]] at java.util.Formatter$FormatSpecifier.failConversion(Unknown Source): d != java.lang.String
ERROR [org.apache.catalina.core.ContainerBase.[Tomcat].[localhost].[/acme-jobs].[jsp]] at org.apache.tiles.request.servlet.ServletUtil.wrapServletException(ServletUtil.java:61): JSPException including path '../authenticated/user-account/form.jsp'.
at org.apache.jsp.tag.web.print_tag.doTag(print_tag.java:168): org.springframework.core.convert.ConversionFailedException: Failed to convert from type [acme.datatypes.Phone] to type [java.lang.String] for value '<<+183 (14) 937403629>>'; nested exception is java.util.IllegalFormatConversionException: d != java.lang.String
at org.springframework.core.convert.support.ConversionUtils.invokeConverter(ConversionUtils.java:47): Failed to convert from type [acme.datatypes.Phone] to type [java.lang.String] for value '<<+183 (14) 937403629>>'; nested exception is java.util.IllegalFormatConversionException: d != java.lang.String
at java.util.Formatter$FormatSpecifier.failConversion(Unknown Source): d != java.lang.String
ERROR [org.apache.catalina.core.ContainerBase.[Tomcat].[localhost].[/acme-jobs].[dispatcherServlet]] at java.util.Formatter$FormatSpecifier.failConversion(Unknown Source): d != java.lang.String
ERROR [org.apache.jsp.META_002dINF.views.framework.panic_jsp] HTTP GET /acme-jobs/master/panic HTTP/1.1
ERROR [org.apache.jsp.META_002dINF.views.framework.panic_jsp] Status: 500
ERROR [org.apache.jsp.META_002dINF.views.framework.panic_jsp] Exception: org.springframework.web.servlet.FrameworkServlet.processRequest(FrameworkServlet.java:1013): Request processing failed; nested exception is org.apache.tiles.request.render.CannotRenderException: JSPException including path '../authenticated/user-account/form.jsp'.
org.apache.tiles.impl.BasicTilesContainer.render(BasicTilesContainer.java:399): JSPException including path '../authenticated/user-account/form.jsp'.
org.apache.tiles.request.servlet.ServletUtil.wrapServletException(ServletUtil.java:61): JSPException including path '../authenticated/user-account/form.jsp'.
org.apache.jsp.tag.web.print_tag.doTag(print_tag.java:168): org.springframework.core.convert.ConversionFailedException: Failed to convert from type [acme.datatypes.Phone] to type [java.lang.String] for value '<<+183 (14) 937403629>>'; nested exception is java.util.IllegalFormatConversionException: d != java.lang.String
org.springframework.core.convert.support.ConversionUtils.invokeConverter(ConversionUtils.java:47): Failed to convert from type [acme.datatypes.Phone] to type [java.lang.String] for value '<<+183 (14) 937403629>>'; nested exception is java.util.IllegalFormatConversionException: d != java.lang.String
java.util.Formatter$FormatSpecifier.failConversion(Unknown Source): d != java.lang.String
ERROR [org.apache.catalina.core.ContainerBase.[Tomcat].[localhost].[/acme-jobs].[jsp]] at java.util.Formatter$FormatSpecifier.failConversion(Unknown Source): d != java.lang.String
ERROR [org.apache.catalina.core.ContainerBase.[Tomcat].[localhost].[/acme-jobs].[jsp]] at org.apache.tiles.request.servlet.ServletUtil.wrapServletException(ServletUtil.java:61): JSPException including path '../authenticated/user-account/form.jsp'.
at org.apache.jsp.tag.web.print_tag.doTag(print_tag.java:168): org.springframework.core.convert.ConversionFailedException: Failed to convert from type [acme.datatypes.Phone] to type [java.lang.String] for value '<<+183 (14) 937403629>>'; nested exception is java.util.IllegalFormatConversionException: d != java.lang.String
at org.springframework.core.convert.support.ConversionUtils.invokeConverter(ConversionUtils.java:47): Failed to convert from type [acme.datatypes.Phone] to type [java.lang.String] for value '<<+183 (14) 937403629>>'; nested exception is java.util.IllegalFormatConversionException: d != java.lang.String
at java.util.Formatter$FormatSpecifier.failConversion(Unknown Source): d != java.lang.String
ERROR [org.apache.catalina.core.ContainerBase.[Tomcat].[localhost].[/acme-jobs].[dispatcherServlet]] at java.util.Formatter$FormatSpecifier.failConversion(Unknown Source): d != java.lang.String
ERROR [org.apache.jsp.META_002dINF.views.framework.panic_jsp] HTTP GET /acme-jobs/master/panic HTTP/1.1
ERROR [org.apache.jsp.META_002dINF.views.framework.panic_jsp] Status: 500
ERROR [org.apache.jsp.META_002dINF.views.framework.panic_jsp] Exception: org.springframework.web.servlet.FrameworkServlet.processRequest(FrameworkServlet.java:1013): Request processing failed; nested exception is org.apache.tiles.request.render.CannotRenderException: JSPException including path '../authenticated/user-account/form.jsp'.
org.apache.tiles.impl.BasicTilesContainer.render(BasicTilesContainer.java:399): JSPException including path '../authenticated/user-account/form.jsp'.
org.apache.tiles.request.servlet.ServletUtil.wrapServletException(ServletUtil.java:61): JSPException including path '../authenticated/user-account/form.jsp'.
org.apache.jsp.tag.web.print_tag.doTag(print_tag.java:168): org.springframework.core.convert.ConversionFailedException: Failed to convert from type [acme.datatypes.Phone] to type [java.lang.String] for value '<<+183 (14) 937403629>>'; nested exception is java.util.IllegalFormatConversionException: d != java.lang.String
org.springframework.core.convert.support.ConversionUtils.invokeConverter(ConversionUtils.java:47): Failed to convert from type [acme.datatypes.Phone] to type [java.lang.String] for value '<<+183 (14) 937403629>>'; nested exception is java.util.IllegalFormatConversionException: d != java.lang.String
java.util.Formatter$FormatSpecifier.failConversion(Unknown Source): d != java.lang.String
ERROR [org.apache.catalina.util.LifecycleBase] at org.apache.catalina.connector.Connector.startInternal(Connector.java:1008): Protocol handler start failed
at sun.nio.ch.Net.bind0(Native Method): Address already in use: bind
ERROR [org.springframework.boot.diagnostics.LoggingFailureAnalysisReporter] ***************************
APPLICATION FAILED TO START
***************************
Description:
The Tomcat connector configured to listen on port 8080 failed to start. The port may already be in use or the connector may be misconfigured.
Action:
Verify the connector's configuration, identify and stop any process that's listening on port 8080, or configure this application to listen on another port.
ERROR [org.apache.jsp.META_002dINF.views.framework.panic_jsp] HTTP GET /acme-jobs/META-INF/views/framework/page.jsp HTTP/1.1
ERROR [org.apache.jsp.META_002dINF.views.framework.panic_jsp] Status: 500
ERROR [org.apache.jsp.META_002dINF.views.framework.panic_jsp] Exception: acme.framework.helpers.Assert.state(Assert.java:40): Acceso no autorizado
ERROR [org.apache.jsp.META_002dINF.views.framework.panic_jsp] HTTP GET /acme-jobs/META-INF/views/framework/page.jsp HTTP/1.1
ERROR [org.apache.jsp.META_002dINF.views.framework.panic_jsp] Status: 500
ERROR [org.apache.jsp.META_002dINF.views.framework.panic_jsp] Exception: acme.framework.helpers.Assert.state(Assert.java:40): Acceso no autorizado
ERROR [org.apache.catalina.core.ContainerBase.[Tomcat].[localhost].[/acme-jobs].[jsp]] at org.apache.jasper.compiler.DefaultErrorHandler.jspError(DefaultErrorHandler.java:42): /META-INF/views/authenticated/user-account/form.jsp (line: [26], column: [1]) No tag [form-phone] defined in tag library imported with prefix [acme]
ERROR [org.apache.catalina.core.ContainerBase.[Tomcat].[localhost].[/acme-jobs].[jsp]] at org.apache.tiles.request.servlet.ServletUtil.wrapServletException(ServletUtil.java:63): JSPException including path '../authenticated/user-account/form.jsp'.
at org.apache.jasper.compiler.DefaultErrorHandler.jspError(DefaultErrorHandler.java:42): /META-INF/views/authenticated/user-account/form.jsp (line: [26], column: [1]) No tag [form-phone] defined in tag library imported with prefix [acme]
ERROR [org.apache.catalina.core.ContainerBase.[Tomcat].[localhost].[/acme-jobs].[dispatcherServlet]] at org.apache.jasper.compiler.DefaultErrorHandler.jspError(DefaultErrorHandler.java:42): /META-INF/views/authenticated/user-account/form.jsp (line: [26], column: [1]) No tag [form-phone] defined in tag library imported with prefix [acme]
ERROR [org.apache.jsp.META_002dINF.views.framework.panic_jsp] HTTP GET /acme-jobs/master/panic HTTP/1.1
ERROR [org.apache.jsp.META_002dINF.views.framework.panic_jsp] Status: 500
ERROR [org.apache.jsp.META_002dINF.views.framework.panic_jsp] Exception: org.springframework.web.servlet.FrameworkServlet.processRequest(FrameworkServlet.java:1013): Request processing failed; nested exception is org.apache.tiles.request.render.CannotRenderException: JSPException including path '../authenticated/user-account/form.jsp'.
org.apache.tiles.impl.BasicTilesContainer.render(BasicTilesContainer.java:399): JSPException including path '../authenticated/user-account/form.jsp'.
org.apache.tiles.request.servlet.ServletUtil.wrapServletException(ServletUtil.java:63): JSPException including path '../authenticated/user-account/form.jsp'.
org.apache.jasper.compiler.DefaultErrorHandler.jspError(DefaultErrorHandler.java:42): /META-INF/views/authenticated/user-account/form.jsp (line: [26], column: [1]) No tag [form-phone] defined in tag library imported with prefix [acme]
ERROR [org.apache.catalina.core.ContainerBase.[Tomcat].[localhost].[/acme-jobs].[jsp]] at java.net.URLClassLoader.findClass(Unknown Source): org.apache.jsp.META_002dINF.views.authenticated.user_002daccount.form_jsp
ERROR [org.apache.catalina.core.ContainerBase.[Tomcat].[localhost].[/acme-jobs].[jsp]] at org.apache.tiles.request.servlet.ServletUtil.wrapServletException(ServletUtil.java:61): JSPException including path '../authenticated/user-account/form.jsp'.
at java.net.URLClassLoader.findClass(Unknown Source): org.apache.jsp.META_002dINF.views.authenticated.user_002daccount.form_jsp
ERROR [org.apache.catalina.core.ContainerBase.[Tomcat].[localhost].[/acme-jobs].[dispatcherServlet]] at java.net.URLClassLoader.findClass(Unknown Source): org.apache.jsp.META_002dINF.views.authenticated.user_002daccount.form_jsp
ERROR [org.apache.jsp.META_002dINF.views.framework.panic_jsp] HTTP GET /acme-jobs/master/panic HTTP/1.1
ERROR [org.apache.jsp.META_002dINF.views.framework.panic_jsp] Status: 500
ERROR [org.apache.jsp.META_002dINF.views.framework.panic_jsp] Exception: org.springframework.web.servlet.FrameworkServlet.processRequest(FrameworkServlet.java:1013): Request processing failed; nested exception is org.apache.tiles.request.render.CannotRenderException: JSPException including path '../authenticated/user-account/form.jsp'.
org.apache.tiles.impl.BasicTilesContainer.render(BasicTilesContainer.java:399): JSPException including path '../authenticated/user-account/form.jsp'.
org.apache.tiles.request.servlet.ServletUtil.wrapServletException(ServletUtil.java:61): JSPException including path '../authenticated/user-account/form.jsp'.
java.net.URLClassLoader.findClass(Unknown Source): org.apache.jsp.META_002dINF.views.authenticated.user_002daccount.form_jsp
ERROR [org.apache.catalina.util.LifecycleBase] at org.apache.catalina.connector.Connector.startInternal(Connector.java:1008): Protocol handler start failed
at sun.nio.ch.Net.bind0(Native Method): Address already in use: bind
ERROR [org.springframework.boot.diagnostics.LoggingFailureAnalysisReporter] ***************************
APPLICATION FAILED TO START
***************************
Description:
The Tomcat connector configured to listen on port 8080 failed to start. The port may already be in use or the connector may be misconfigured.
Action:
Verify the connector's configuration, identify and stop any process that's listening on port 8080, or configure this application to listen on another port.
ERROR [org.apache.jsp.META_002dINF.views.framework.panic_jsp] HTTP GET /acme-jobs/META-INF/views/framework/page.jsp HTTP/1.1
ERROR [org.apache.jsp.META_002dINF.views.framework.panic_jsp] Status: 500
ERROR [org.apache.jsp.META_002dINF.views.framework.panic_jsp] Exception: acme.framework.helpers.Assert.state(Assert.java:40): Acceso no autorizado
ERROR [org.apache.jsp.META_002dINF.views.framework.panic_jsp] HTTP GET /acme-jobs/META-INF/views/framework/page.jsp HTTP/1.1
ERROR [org.apache.jsp.META_002dINF.views.framework.panic_jsp] Status: 500
ERROR [org.apache.jsp.META_002dINF.views.framework.panic_jsp] Exception: acme.framework.helpers.Assert.state(Assert.java:40): Acceso no autorizado
ERROR [org.apache.catalina.core.ContainerBase.[Tomcat].[localhost].[/acme-jobs].[jsp]] at java.util.Formatter$FormatSpecifier.failConversion(Unknown Source): d != java.lang.String
ERROR [org.apache.catalina.core.ContainerBase.[Tomcat].[localhost].[/acme-jobs].[jsp]] at org.apache.tiles.request.servlet.ServletUtil.wrapServletException(ServletUtil.java:61): JSPException including path '../authenticated/user-account/form.jsp'.
at org.apache.jsp.tag.web.print_tag.doTag(print_tag.java:168): org.springframework.core.convert.ConversionFailedException: Failed to convert from type [acme.datatypes.Phone] to type [java.lang.String] for value '<<+183 (14) 937403629>>'; nested exception is java.util.IllegalFormatConversionException: d != java.lang.String
at org.springframework.core.convert.support.ConversionUtils.invokeConverter(ConversionUtils.java:47): Failed to convert from type [acme.datatypes.Phone] to type [java.lang.String] for value '<<+183 (14) 937403629>>'; nested exception is java.util.IllegalFormatConversionException: d != java.lang.String
at java.util.Formatter$FormatSpecifier.failConversion(Unknown Source): d != java.lang.String
ERROR [org.apache.catalina.core.ContainerBase.[Tomcat].[localhost].[/acme-jobs].[dispatcherServlet]] at java.util.Formatter$FormatSpecifier.failConversion(Unknown Source): d != java.lang.String
ERROR [org.apache.jsp.META_002dINF.views.framework.panic_jsp] HTTP GET /acme-jobs/master/panic HTTP/1.1
ERROR [org.apache.jsp.META_002dINF.views.framework.panic_jsp] Status: 500
ERROR [org.apache.jsp.META_002dINF.views.framework.panic_jsp] Exception: org.springframework.web.servlet.FrameworkServlet.processRequest(FrameworkServlet.java:1013): Request processing failed; nested exception is org.apache.tiles.request.render.CannotRenderException: JSPException including path '../authenticated/user-account/form.jsp'.
org.apache.tiles.impl.BasicTilesContainer.render(BasicTilesContainer.java:399): JSPException including path '../authenticated/user-account/form.jsp'.
org.apache.tiles.request.servlet.ServletUtil.wrapServletException(ServletUtil.java:61): JSPException including path '../authenticated/user-account/form.jsp'.
org.apache.jsp.tag.web.print_tag.doTag(print_tag.java:168): org.springframework.core.convert.ConversionFailedException: Failed to convert from type [acme.datatypes.Phone] to type [java.lang.String] for value '<<+183 (14) 937403629>>'; nested exception is java.util.IllegalFormatConversionException: d != java.lang.String
org.springframework.core.convert.support.ConversionUtils.invokeConverter(ConversionUtils.java:47): Failed to convert from type [acme.datatypes.Phone] to type [java.lang.String] for value '<<+183 (14) 937403629>>'; nested exception is java.util.IllegalFormatConversionException: d != java.lang.String
java.util.Formatter$FormatSpecifier.failConversion(Unknown Source): d != java.lang.String
ERROR [org.apache.catalina.core.ContainerBase.[Tomcat].[localhost].[/acme-jobs].[jsp]] at java.util.Formatter$FormatSpecifier.failConversion(Unknown Source): d != java.lang.String
ERROR [org.apache.catalina.core.ContainerBase.[Tomcat].[localhost].[/acme-jobs].[jsp]] at org.apache.tiles.request.servlet.ServletUtil.wrapServletException(ServletUtil.java:61): JSPException including path '../authenticated/user-account/form.jsp'.
at org.apache.jsp.tag.web.print_tag.doTag(print_tag.java:168): org.springframework.core.convert.ConversionFailedException: Failed to convert from type [acme.datatypes.Phone] to type [java.lang.String] for value '<<+183 (14) 937403629>>'; nested exception is java.util.IllegalFormatConversionException: d != java.lang.String
at org.springframework.core.convert.support.ConversionUtils.invokeConverter(ConversionUtils.java:47): Failed to convert from type [acme.datatypes.Phone] to type [java.lang.String] for value '<<+183 (14) 937403629>>'; nested exception is java.util.IllegalFormatConversionException: d != java.lang.String
at java.util.Formatter$FormatSpecifier.failConversion(Unknown Source): d != java.lang.String
ERROR [org.apache.catalina.core.ContainerBase.[Tomcat].[localhost].[/acme-jobs].[dispatcherServlet]] at java.util.Formatter$FormatSpecifier.failConversion(Unknown Source): d != java.lang.String
ERROR [org.apache.jsp.META_002dINF.views.framework.panic_jsp] HTTP GET /acme-jobs/master/panic HTTP/1.1
ERROR [org.apache.jsp.META_002dINF.views.framework.panic_jsp] Status: 500
ERROR [org.apache.jsp.META_002dINF.views.framework.panic_jsp] Exception: org.springframework.web.servlet.FrameworkServlet.processRequest(FrameworkServlet.java:1013): Request processing failed; nested exception is org.apache.tiles.request.render.CannotRenderException: JSPException including path '../authenticated/user-account/form.jsp'.
org.apache.tiles.impl.BasicTilesContainer.render(BasicTilesContainer.java:399): JSPException including path '../authenticated/user-account/form.jsp'.
org.apache.tiles.request.servlet.ServletUtil.wrapServletException(ServletUtil.java:61): JSPException including path '../authenticated/user-account/form.jsp'.
org.apache.jsp.tag.web.print_tag.doTag(print_tag.java:168): org.springframework.core.convert.ConversionFailedException: Failed to convert from type [acme.datatypes.Phone] to type [java.lang.String] for value '<<+183 (14) 937403629>>'; nested exception is java.util.IllegalFormatConversionException: d != java.lang.String
org.springframework.core.convert.support.ConversionUtils.invokeConverter(ConversionUtils.java:47): Failed to convert from type [acme.datatypes.Phone] to type [java.lang.String] for value '<<+183 (14) 937403629>>'; nested exception is java.util.IllegalFormatConversionException: d != java.lang.String
java.util.Formatter$FormatSpecifier.failConversion(Unknown Source): d != java.lang.String
ERROR [org.apache.jsp.META_002dINF.views.framework.panic_jsp] HTTP GET /acme-jobs/META-INF/views/framework/page.jsp HTTP/1.1
ERROR [org.apache.jsp.META_002dINF.views.framework.panic_jsp] Status: 500
ERROR [org.apache.jsp.META_002dINF.views.framework.panic_jsp] Exception: acme.framework.helpers.Assert.state(Assert.java:40): Acceso no autorizado
ERROR [org.apache.jsp.META_002dINF.views.framework.panic_jsp] HTTP GET /acme-jobs/META-INF/views/framework/page.jsp HTTP/1.1
ERROR [org.apache.jsp.META_002dINF.views.framework.panic_jsp] Status: 500
ERROR [org.apache.jsp.META_002dINF.views.framework.panic_jsp] Exception: acme.framework.helpers.Assert.state(Assert.java:40): Acceso no autorizado
ERROR [org.apache.catalina.core.ContainerBase.[Tomcat].[localhost].[/acme-jobs].[jsp]] at java.util.Formatter$FormatSpecifier.failConversion(Unknown Source): d != java.lang.String
ERROR [org.apache.catalina.core.ContainerBase.[Tomcat].[localhost].[/acme-jobs].[jsp]] at org.apache.tiles.request.servlet.ServletUtil.wrapServletException(ServletUtil.java:61): JSPException including path '../authenticated/user-account/form.jsp'.
at org.apache.jsp.tag.web.print_tag.doTag(print_tag.java:168): org.springframework.core.convert.ConversionFailedException: Failed to convert from type [acme.datatypes.Phone] to type [java.lang.String] for value '<<+183 (14) 937403629>>'; nested exception is java.util.IllegalFormatConversionException: d != java.lang.String
at org.springframework.core.convert.support.ConversionUtils.invokeConverter(ConversionUtils.java:47): Failed to convert from type [acme.datatypes.Phone] to type [java.lang.String] for value '<<+183 (14) 937403629>>'; nested exception is java.util.IllegalFormatConversionException: d != java.lang.String
at java.util.Formatter$FormatSpecifier.failConversion(Unknown Source): d != java.lang.String
ERROR [org.apache.catalina.core.ContainerBase.[Tomcat].[localhost].[/acme-jobs].[dispatcherServlet]] at java.util.Formatter$FormatSpecifier.failConversion(Unknown Source): d != java.lang.String
ERROR [org.apache.jsp.META_002dINF.views.framework.panic_jsp] HTTP GET /acme-jobs/master/panic HTTP/1.1
ERROR [org.apache.jsp.META_002dINF.views.framework.panic_jsp] Status: 500
ERROR [org.apache.jsp.META_002dINF.views.framework.panic_jsp] Exception: org.springframework.web.servlet.FrameworkServlet.processRequest(FrameworkServlet.java:1013): Request processing failed; nested exception is org.apache.tiles.request.render.CannotRenderException: JSPException including path '../authenticated/user-account/form.jsp'.
org.apache.tiles.impl.BasicTilesContainer.render(BasicTilesContainer.java:399): JSPException including path '../authenticated/user-account/form.jsp'.
org.apache.tiles.request.servlet.ServletUtil.wrapServletException(ServletUtil.java:61): JSPException including path '../authenticated/user-account/form.jsp'.
org.apache.jsp.tag.web.print_tag.doTag(print_tag.java:168): org.springframework.core.convert.ConversionFailedException: Failed to convert from type [acme.datatypes.Phone] to type [java.lang.String] for value '<<+183 (14) 937403629>>'; nested exception is java.util.IllegalFormatConversionException: d != java.lang.String
org.springframework.core.convert.support.ConversionUtils.invokeConverter(ConversionUtils.java:47): Failed to convert from type [acme.datatypes.Phone] to type [java.lang.String] for value '<<+183 (14) 937403629>>'; nested exception is java.util.IllegalFormatConversionException: d != java.lang.String
java.util.Formatter$FormatSpecifier.failConversion(Unknown Source): d != java.lang.String
ERROR [org.apache.catalina.core.ContainerBase.[Tomcat].[localhost].[/acme-jobs].[jsp]] at java.util.Formatter$FormatSpecifier.failConversion(Unknown Source): d != java.lang.String
ERROR [org.apache.catalina.core.ContainerBase.[Tomcat].[localhost].[/acme-jobs].[jsp]] at org.apache.tiles.request.servlet.ServletUtil.wrapServletException(ServletUtil.java:61): JSPException including path '../authenticated/user-account/form.jsp'.
at org.apache.jsp.tag.web.print_tag.doTag(print_tag.java:168): org.springframework.core.convert.ConversionFailedException: Failed to convert from type [acme.datatypes.Phone] to type [java.lang.String] for value '<<+183 (14) 937403629>>'; nested exception is java.util.IllegalFormatConversionException: d != java.lang.String
at org.springframework.core.convert.support.ConversionUtils.invokeConverter(ConversionUtils.java:47): Failed to convert from type [acme.datatypes.Phone] to type [java.lang.String] for value '<<+183 (14) 937403629>>'; nested exception is java.util.IllegalFormatConversionException: d != java.lang.String
at java.util.Formatter$FormatSpecifier.failConversion(Unknown Source): d != java.lang.String
ERROR [org.apache.catalina.core.ContainerBase.[Tomcat].[localhost].[/acme-jobs].[dispatcherServlet]] at java.util.Formatter$FormatSpecifier.failConversion(Unknown Source): d != java.lang.String
ERROR [org.apache.jsp.META_002dINF.views.framework.panic_jsp] HTTP GET /acme-jobs/master/panic HTTP/1.1
ERROR [org.apache.jsp.META_002dINF.views.framework.panic_jsp] Status: 500
ERROR [org.apache.jsp.META_002dINF.views.framework.panic_jsp] Exception: org.springframework.web.servlet.FrameworkServlet.processRequest(FrameworkServlet.java:1013): Request processing failed; nested exception is org.apache.tiles.request.render.CannotRenderException: JSPException including path '../authenticated/user-account/form.jsp'.
org.apache.tiles.impl.BasicTilesContainer.render(BasicTilesContainer.java:399): JSPException including path '../authenticated/user-account/form.jsp'.
org.apache.tiles.request.servlet.ServletUtil.wrapServletException(ServletUtil.java:61): JSPException including path '../authenticated/user-account/form.jsp'.
org.apache.jsp.tag.web.print_tag.doTag(print_tag.java:168): org.springframework.core.convert.ConversionFailedException: Failed to convert from type [acme.datatypes.Phone] to type [java.lang.String] for value '<<+183 (14) 937403629>>'; nested exception is java.util.IllegalFormatConversionException: d != java.lang.String
org.springframework.core.convert.support.ConversionUtils.invokeConverter(ConversionUtils.java:47): Failed to convert from type [acme.datatypes.Phone] to type [java.lang.String] for value '<<+183 (14) 937403629>>'; nested exception is java.util.IllegalFormatConversionException: d != java.lang.String
java.util.Formatter$FormatSpecifier.failConversion(Unknown Source): d != java.lang.String
ERROR [org.apache.jsp.META_002dINF.views.framework.panic_jsp] HTTP GET /acme-jobs/META-INF/views/framework/page.jsp HTTP/1.1
ERROR [org.apache.jsp.META_002dINF.views.framework.panic_jsp] Status: 500
ERROR [org.apache.jsp.META_002dINF.views.framework.panic_jsp] Exception: acme.framework.helpers.Assert.state(Assert.java:40): Acceso no autorizado
ERROR [org.apache.jsp.META_002dINF.views.framework.panic_jsp] HTTP GET /acme-jobs/META-INF/views/framework/page.jsp HTTP/1.1
ERROR [org.apache.jsp.META_002dINF.views.framework.panic_jsp] Status: 500
ERROR [org.apache.jsp.META_002dINF.views.framework.panic_jsp] Exception: acme.framework.helpers.Assert.state(Assert.java:40): Acceso no autorizado
ERROR [org.apache.catalina.core.ContainerBase.[Tomcat].[localhost].[/acme-jobs].[jsp]] at java.util.Formatter$FormatSpecifier.failConversion(Unknown Source): d != java.lang.String
ERROR [org.apache.catalina.core.ContainerBase.[Tomcat].[localhost].[/acme-jobs].[jsp]] at org.apache.tiles.request.servlet.ServletUtil.wrapServletException(ServletUtil.java:61): JSPException including path '../authenticated/user-account/form.jsp'.
at org.apache.jsp.tag.web.print_tag.doTag(print_tag.java:168): org.springframework.core.convert.ConversionFailedException: Failed to convert from type [acme.datatypes.Phone] to type [java.lang.String] for value '<<+183 (14) 937403629>>'; nested exception is java.util.IllegalFormatConversionException: d != java.lang.String
at org.springframework.core.convert.support.ConversionUtils.invokeConverter(ConversionUtils.java:47): Failed to convert from type [acme.datatypes.Phone] to type [java.lang.String] for value '<<+183 (14) 937403629>>'; nested exception is java.util.IllegalFormatConversionException: d != java.lang.String
at java.util.Formatter$FormatSpecifier.failConversion(Unknown Source): d != java.lang.String
ERROR [org.apache.catalina.core.ContainerBase.[Tomcat].[localhost].[/acme-jobs].[dispatcherServlet]] at java.util.Formatter$FormatSpecifier.failConversion(Unknown Source): d != java.lang.String
ERROR [org.apache.jsp.META_002dINF.views.framework.panic_jsp] HTTP GET /acme-jobs/master/panic HTTP/1.1
ERROR [org.apache.jsp.META_002dINF.views.framework.panic_jsp] Status: 500
ERROR [org.apache.jsp.META_002dINF.views.framework.panic_jsp] Exception: org.springframework.web.servlet.FrameworkServlet.processRequest(FrameworkServlet.java:1013): Request processing failed; nested exception is org.apache.tiles.request.render.CannotRenderException: JSPException including path '../authenticated/user-account/form.jsp'.
org.apache.tiles.impl.BasicTilesContainer.render(BasicTilesContainer.java:399): JSPException including path '../authenticated/user-account/form.jsp'.
org.apache.tiles.request.servlet.ServletUtil.wrapServletException(ServletUtil.java:61): JSPException including path '../authenticated/user-account/form.jsp'.
org.apache.jsp.tag.web.print_tag.doTag(print_tag.java:168): org.springframework.core.convert.ConversionFailedException: Failed to convert from type [acme.datatypes.Phone] to type [java.lang.String] for value '<<+183 (14) 937403629>>'; nested exception is java.util.IllegalFormatConversionException: d != java.lang.String
org.springframework.core.convert.support.ConversionUtils.invokeConverter(ConversionUtils.java:47): Failed to convert from type [acme.datatypes.Phone] to type [java.lang.String] for value '<<+183 (14) 937403629>>'; nested exception is java.util.IllegalFormatConversionException: d != java.lang.String
java.util.Formatter$FormatSpecifier.failConversion(Unknown Source): d != java.lang.String
ERROR [org.apache.catalina.core.ContainerBase.[Tomcat].[localhost].[/acme-jobs].[jsp]] at java.util.Formatter$FormatSpecifier.failConversion(Unknown Source): d != java.lang.String
ERROR [org.apache.catalina.core.ContainerBase.[Tomcat].[localhost].[/acme-jobs].[jsp]] at org.apache.tiles.request.servlet.ServletUtil.wrapServletException(ServletUtil.java:61): JSPException including path '../authenticated/user-account/form.jsp'.
at org.apache.jsp.tag.web.print_tag.doTag(print_tag.java:168): org.springframework.core.convert.ConversionFailedException: Failed to convert from type [acme.datatypes.Phone] to type [java.lang.String] for value '<<+183 (14) 937403629>>'; nested exception is java.util.IllegalFormatConversionException: d != java.lang.String
at org.springframework.core.convert.support.ConversionUtils.invokeConverter(ConversionUtils.java:47): Failed to convert from type [acme.datatypes.Phone] to type [java.lang.String] for value '<<+183 (14) 937403629>>'; nested exception is java.util.IllegalFormatConversionException: d != java.lang.String
at java.util.Formatter$FormatSpecifier.failConversion(Unknown Source): d != java.lang.String
ERROR [org.apache.catalina.core.ContainerBase.[Tomcat].[localhost].[/acme-jobs].[dispatcherServlet]] at java.util.Formatter$FormatSpecifier.failConversion(Unknown Source): d != java.lang.String
ERROR [org.apache.jsp.META_002dINF.views.framework.panic_jsp] HTTP GET /acme-jobs/master/panic HTTP/1.1
ERROR [org.apache.jsp.META_002dINF.views.framework.panic_jsp] Status: 500
ERROR [org.apache.jsp.META_002dINF.views.framework.panic_jsp] Exception: org.springframework.web.servlet.FrameworkServlet.processRequest(FrameworkServlet.java:1013): Request processing failed; nested exception is org.apache.tiles.request.render.CannotRenderException: JSPException including path '../authenticated/user-account/form.jsp'.
org.apache.tiles.impl.BasicTilesContainer.render(BasicTilesContainer.java:399): JSPException including path '../authenticated/user-account/form.jsp'.
org.apache.tiles.request.servlet.ServletUtil.wrapServletException(ServletUtil.java:61): JSPException including path '../authenticated/user-account/form.jsp'.
org.apache.jsp.tag.web.print_tag.doTag(print_tag.java:168): org.springframework.core.convert.ConversionFailedException: Failed to convert from type [acme.datatypes.Phone] to type [java.lang.String] for value '<<+183 (14) 937403629>>'; nested exception is java.util.IllegalFormatConversionException: d != java.lang.String
org.springframework.core.convert.support.ConversionUtils.invokeConverter(ConversionUtils.java:47): Failed to convert from type [acme.datatypes.Phone] to type [java.lang.String] for value '<<+183 (14) 937403629>>'; nested exception is java.util.IllegalFormatConversionException: d != java.lang.String
java.util.Formatter$FormatSpecifier.failConversion(Unknown Source): d != java.lang.String
ERROR [org.apache.jsp.META_002dINF.views.framework.panic_jsp] HTTP GET /acme-jobs/META-INF/views/framework/page.jsp HTTP/1.1
ERROR [org.apache.jsp.META_002dINF.views.framework.panic_jsp] Status: 500
ERROR [org.apache.jsp.META_002dINF.views.framework.panic_jsp] Exception: acme.framework.helpers.Assert.state(Assert.java:40): Acceso no autorizado
ERROR [org.apache.jsp.META_002dINF.views.framework.panic_jsp] HTTP GET /acme-jobs/META-INF/views/framework/page.jsp HTTP/1.1
ERROR [org.apache.jsp.META_002dINF.views.framework.panic_jsp] Status: 500
ERROR [org.apache.jsp.META_002dINF.views.framework.panic_jsp] Exception: acme.framework.helpers.Assert.state(Assert.java:40): Acceso no autorizado
ERROR [org.apache.catalina.core.ContainerBase.[Tomcat].[localhost].[/acme-jobs].[jsp]] at java.util.Formatter$FormatSpecifier.failConversion(Unknown Source): d != java.lang.String
ERROR [org.apache.catalina.core.ContainerBase.[Tomcat].[localhost].[/acme-jobs].[jsp]] at org.apache.tiles.request.servlet.ServletUtil.wrapServletException(ServletUtil.java:61): JSPException including path '../authenticated/user-account/form.jsp'.
at org.apache.jsp.tag.web.print_tag.doTag(print_tag.java:168): org.springframework.core.convert.ConversionFailedException: Failed to convert from type [acme.datatypes.Phone] to type [java.lang.String] for value '<<+183 (14) 937403629>>'; nested exception is java.util.IllegalFormatConversionException: d != java.lang.String
at org.springframework.core.convert.support.ConversionUtils.invokeConverter(ConversionUtils.java:47): Failed to convert from type [acme.datatypes.Phone] to type [java.lang.String] for value '<<+183 (14) 937403629>>'; nested exception is java.util.IllegalFormatConversionException: d != java.lang.String
at java.util.Formatter$FormatSpecifier.failConversion(Unknown Source): d != java.lang.String
ERROR [org.apache.catalina.core.ContainerBase.[Tomcat].[localhost].[/acme-jobs].[dispatcherServlet]] at java.util.Formatter$FormatSpecifier.failConversion(Unknown Source): d != java.lang.String
ERROR [org.apache.jsp.META_002dINF.views.framework.panic_jsp] HTTP GET /acme-jobs/master/panic HTTP/1.1
ERROR [org.apache.jsp.META_002dINF.views.framework.panic_jsp] Status: 500
ERROR [org.apache.jsp.META_002dINF.views.framework.panic_jsp] Exception: org.springframework.web.servlet.FrameworkServlet.processRequest(FrameworkServlet.java:1013): Request processing failed; nested exception is org.apache.tiles.request.render.CannotRenderException: JSPException including path '../authenticated/user-account/form.jsp'.
org.apache.tiles.impl.BasicTilesContainer.render(BasicTilesContainer.java:399): JSPException including path '../authenticated/user-account/form.jsp'.
org.apache.tiles.request.servlet.ServletUtil.wrapServletException(ServletUtil.java:61): JSPException including path '../authenticated/user-account/form.jsp'.
org.apache.jsp.tag.web.print_tag.doTag(print_tag.java:168): org.springframework.core.convert.ConversionFailedException: Failed to convert from type [acme.datatypes.Phone] to type [java.lang.String] for value '<<+183 (14) 937403629>>'; nested exception is java.util.IllegalFormatConversionException: d != java.lang.String
org.springframework.core.convert.support.ConversionUtils.invokeConverter(ConversionUtils.java:47): Failed to convert from type [acme.datatypes.Phone] to type [java.lang.String] for value '<<+183 (14) 937403629>>'; nested exception is java.util.IllegalFormatConversionException: d != java.lang.String
java.util.Formatter$FormatSpecifier.failConversion(Unknown Source): d != java.lang.String
ERROR [org.apache.catalina.core.ContainerBase.[Tomcat].[localhost].[/acme-jobs].[jsp]] at java.util.Formatter$FormatSpecifier.failConversion(Unknown Source): d != java.lang.String
ERROR [org.apache.catalina.core.ContainerBase.[Tomcat].[localhost].[/acme-jobs].[jsp]] at org.apache.tiles.request.servlet.ServletUtil.wrapServletException(ServletUtil.java:61): JSPException including path '../authenticated/user-account/form.jsp'.
at org.apache.jsp.tag.web.print_tag.doTag(print_tag.java:168): org.springframework.core.convert.ConversionFailedException: Failed to convert from type [acme.datatypes.Phone] to type [java.lang.String] for value '<<+183 (14) 937403629>>'; nested exception is java.util.IllegalFormatConversionException: d != java.lang.String
at org.springframework.core.convert.support.ConversionUtils.invokeConverter(ConversionUtils.java:47): Failed to convert from type [acme.datatypes.Phone] to type [java.lang.String] for value '<<+183 (14) 937403629>>'; nested exception is java.util.IllegalFormatConversionException: d != java.lang.String
at java.util.Formatter$FormatSpecifier.failConversion(Unknown Source): d != java.lang.String
ERROR [org.apache.catalina.core.ContainerBase.[Tomcat].[localhost].[/acme-jobs].[dispatcherServlet]] at java.util.Formatter$FormatSpecifier.failConversion(Unknown Source): d != java.lang.String
ERROR [org.apache.jsp.META_002dINF.views.framework.panic_jsp] HTTP GET /acme-jobs/master/panic HTTP/1.1
ERROR [org.apache.jsp.META_002dINF.views.framework.panic_jsp] Status: 500
ERROR [org.apache.jsp.META_002dINF.views.framework.panic_jsp] Exception: org.springframework.web.servlet.FrameworkServlet.processRequest(FrameworkServlet.java:1013): Request processing failed; nested exception is org.apache.tiles.request.render.CannotRenderException: JSPException including path '../authenticated/user-account/form.jsp'.
org.apache.tiles.impl.BasicTilesContainer.render(BasicTilesContainer.java:399): JSPException including path '../authenticated/user-account/form.jsp'.
org.apache.tiles.request.servlet.ServletUtil.wrapServletException(ServletUtil.java:61): JSPException including path '../authenticated/user-account/form.jsp'.
org.apache.jsp.tag.web.print_tag.doTag(print_tag.java:168): org.springframework.core.convert.ConversionFailedException: Failed to convert from type [acme.datatypes.Phone] to type [java.lang.String] for value '<<+183 (14) 937403629>>'; nested exception is java.util.IllegalFormatConversionException: d != java.lang.String
org.springframework.core.convert.support.ConversionUtils.invokeConverter(ConversionUtils.java:47): Failed to convert from type [acme.datatypes.Phone] to type [java.lang.String] for value '<<+183 (14) 937403629>>'; nested exception is java.util.IllegalFormatConversionException: d != java.lang.String
java.util.Formatter$FormatSpecifier.failConversion(Unknown Source): d != java.lang.String
ERROR [org.apache.jsp.META_002dINF.views.framework.panic_jsp] HTTP GET /acme-jobs/META-INF/views/framework/page.jsp HTTP/1.1
ERROR [org.apache.jsp.META_002dINF.views.framework.panic_jsp] Status: 500
ERROR [org.apache.jsp.META_002dINF.views.framework.panic_jsp] Exception: acme.framework.helpers.Assert.state(Assert.java:40): Acceso no autorizado
ERROR [org.apache.jsp.META_002dINF.views.framework.panic_jsp] HTTP GET /acme-jobs/META-INF/views/framework/page.jsp HTTP/1.1
ERROR [org.apache.jsp.META_002dINF.views.framework.panic_jsp] Status: 500
ERROR [org.apache.jsp.META_002dINF.views.framework.panic_jsp] Exception: acme.framework.helpers.Assert.state(Assert.java:40): Acceso no autorizado
ERROR [org.apache.catalina.core.ContainerBase.[Tomcat].[localhost].[/acme-jobs].[jsp]] at java.util.Formatter$FormatSpecifier.failConversion(Unknown Source): d != java.lang.String
ERROR [org.apache.catalina.core.ContainerBase.[Tomcat].[localhost].[/acme-jobs].[jsp]] at org.apache.tiles.request.servlet.ServletUtil.wrapServletException(ServletUtil.java:61): JSPException including path '../authenticated/user-account/form.jsp'.
at org.apache.jsp.tag.web.print_tag.doTag(print_tag.java:168): org.springframework.core.convert.ConversionFailedException: Failed to convert from type [acme.datatypes.Phone] to type [java.lang.String] for value '<<+183 (14) 937403629>>'; nested exception is java.util.IllegalFormatConversionException: d != java.lang.String
at org.springframework.core.convert.support.ConversionUtils.invokeConverter(ConversionUtils.java:47): Failed to convert from type [acme.datatypes.Phone] to type [java.lang.String] for value '<<+183 (14) 937403629>>'; nested exception is java.util.IllegalFormatConversionException: d != java.lang.String
at java.util.Formatter$FormatSpecifier.failConversion(Unknown Source): d != java.lang.String
ERROR [org.apache.catalina.core.ContainerBase.[Tomcat].[localhost].[/acme-jobs].[dispatcherServlet]] at java.util.Formatter$FormatSpecifier.failConversion(Unknown Source): d != java.lang.String
ERROR [org.apache.jsp.META_002dINF.views.framework.panic_jsp] HTTP GET /acme-jobs/master/panic HTTP/1.1
ERROR [org.apache.jsp.META_002dINF.views.framework.panic_jsp] Status: 500
ERROR [org.apache.jsp.META_002dINF.views.framework.panic_jsp] Exception: org.springframework.web.servlet.FrameworkServlet.processRequest(FrameworkServlet.java:1013): Request processing failed; nested exception is org.apache.tiles.request.render.CannotRenderException: JSPException including path '../authenticated/user-account/form.jsp'.
org.apache.tiles.impl.BasicTilesContainer.render(BasicTilesContainer.java:399): JSPException including path '../authenticated/user-account/form.jsp'.
org.apache.tiles.request.servlet.ServletUtil.wrapServletException(ServletUtil.java:61): JSPException including path '../authenticated/user-account/form.jsp'.
org.apache.jsp.tag.web.print_tag.doTag(print_tag.java:168): org.springframework.core.convert.ConversionFailedException: Failed to convert from type [acme.datatypes.Phone] to type [java.lang.String] for value '<<+183 (14) 937403629>>'; nested exception is java.util.IllegalFormatConversionException: d != java.lang.String
org.springframework.core.convert.support.ConversionUtils.invokeConverter(ConversionUtils.java:47): Failed to convert from type [acme.datatypes.Phone] to type [java.lang.String] for value '<<+183 (14) 937403629>>'; nested exception is java.util.IllegalFormatConversionException: d != java.lang.String
java.util.Formatter$FormatSpecifier.failConversion(Unknown Source): d != java.lang.String
ERROR [org.apache.catalina.core.ContainerBase.[Tomcat].[localhost].[/acme-jobs].[jsp]] at java.util.Formatter$FormatSpecifier.failConversion(Unknown Source): d != java.lang.String
ERROR [org.apache.catalina.core.ContainerBase.[Tomcat].[localhost].[/acme-jobs].[jsp]] at org.apache.tiles.request.servlet.ServletUtil.wrapServletException(ServletUtil.java:61): JSPException including path '../authenticated/user-account/form.jsp'.
at org.apache.jsp.tag.web.print_tag.doTag(print_tag.java:168): org.springframework.core.convert.ConversionFailedException: Failed to convert from type [acme.datatypes.Phone] to type [java.lang.String] for value '<<+183 (14) 937403629>>'; nested exception is java.util.IllegalFormatConversionException: d != java.lang.String
at org.springframework.core.convert.support.ConversionUtils.invokeConverter(ConversionUtils.java:47): Failed to convert from type [acme.datatypes.Phone] to type [java.lang.String] for value '<<+183 (14) 937403629>>'; nested exception is java.util.IllegalFormatConversionException: d != java.lang.String
at java.util.Formatter$FormatSpecifier.failConversion(Unknown Source): d != java.lang.String
ERROR [org.apache.catalina.core.ContainerBase.[Tomcat].[localhost].[/acme-jobs].[dispatcherServlet]] at java.util.Formatter$FormatSpecifier.failConversion(Unknown Source): d != java.lang.String
ERROR [org.apache.jsp.META_002dINF.views.framework.panic_jsp] HTTP GET /acme-jobs/master/panic HTTP/1.1
ERROR [org.apache.jsp.META_002dINF.views.framework.panic_jsp] Status: 500
ERROR [org.apache.jsp.META_002dINF.views.framework.panic_jsp] Exception: org.springframework.web.servlet.FrameworkServlet.processRequest(FrameworkServlet.java:1013): Request processing failed; nested exception is org.apache.tiles.request.render.CannotRenderException: JSPException including path '../authenticated/user-account/form.jsp'.
org.apache.tiles.impl.BasicTilesContainer.render(BasicTilesContainer.java:399): JSPException including path '../authenticated/user-account/form.jsp'.
org.apache.tiles.request.servlet.ServletUtil.wrapServletException(ServletUtil.java:61): JSPException including path '../authenticated/user-account/form.jsp'.
org.apache.jsp.tag.web.print_tag.doTag(print_tag.java:168): org.springframework.core.convert.ConversionFailedException: Failed to convert from type [acme.datatypes.Phone] to type [java.lang.String] for value '<<+183 (14) 937403629>>'; nested exception is java.util.IllegalFormatConversionException: d != java.lang.String
org.springframework.core.convert.support.ConversionUtils.invokeConverter(ConversionUtils.java:47): Failed to convert from type [acme.datatypes.Phone] to type [java.lang.String] for value '<<+183 (14) 937403629>>'; nested exception is java.util.IllegalFormatConversionException: d != java.lang.String
java.util.Formatter$FormatSpecifier.failConversion(Unknown Source): d != java.lang.String
ERROR [org.apache.jsp.META_002dINF.views.framework.panic_jsp] HTTP GET /acme-jobs/META-INF/views/framework/page.jsp HTTP/1.1
ERROR [org.apache.jsp.META_002dINF.views.framework.panic_jsp] Status: 500
ERROR [org.apache.jsp.META_002dINF.views.framework.panic_jsp] Exception: acme.framework.helpers.Assert.state(Assert.java:40): Acceso no autorizado
ERROR [org.apache.jsp.META_002dINF.views.framework.panic_jsp] HTTP GET /acme-jobs/META-INF/views/framework/page.jsp HTTP/1.1
ERROR [org.apache.jsp.META_002dINF.views.framework.panic_jsp] Status: 500
ERROR [org.apache.jsp.META_002dINF.views.framework.panic_jsp] Exception: acme.framework.helpers.Assert.state(Assert.java:40): Acceso no autorizado
ERROR [org.apache.jsp.META_002dINF.views.framework.panic_jsp] HTTP GET /acme-jobs/META-INF/views/framework/page.jsp HTTP/1.1
ERROR [org.apache.jsp.META_002dINF.views.framework.panic_jsp] Status: 500
ERROR [org.apache.jsp.META_002dINF.views.framework.panic_jsp] Exception: acme.framework.helpers.Assert.state(Assert.java:40): Acceso no autorizado
ERROR [org.apache.jsp.META_002dINF.views.framework.panic_jsp] HTTP GET /acme-jobs/META-INF/views/framework/page.jsp HTTP/1.1
ERROR [org.apache.jsp.META_002dINF.views.framework.panic_jsp] Status: 500
ERROR [org.apache.jsp.META_002dINF.views.framework.panic_jsp] Exception: acme.framework.helpers.Assert.state(Assert.java:40): Acceso no autorizado
ERROR [org.apache.jsp.META_002dINF.views.framework.panic_jsp] HTTP GET /acme-jobs/META-INF/views/framework/page.jsp HTTP/1.1
ERROR [org.apache.jsp.META_002dINF.views.framework.panic_jsp] Status: 500
ERROR [org.apache.jsp.META_002dINF.views.framework.panic_jsp] Exception: acme.framework.helpers.Assert.state(Assert.java:40): Acceso no autorizado
ERROR [org.apache.jsp.META_002dINF.views.framework.panic_jsp] HTTP GET /acme-jobs/META-INF/views/framework/page.jsp HTTP/1.1
ERROR [org.apache.jsp.META_002dINF.views.framework.panic_jsp] Status: 500
ERROR [org.apache.jsp.META_002dINF.views.framework.panic_jsp] Exception: acme.framework.helpers.Assert.state(Assert.java:40): Acceso no autorizado
WARN [org.springframework.boot.web.servlet.context.AnnotationConfigServletWebServerApplicationContext] Exception encountered during context initialization - cancelling refresh attempt: org.springframework.beans.factory.BeanCreationException: Error creating bean with name 'entityManagerFactory' defined in class path resource [org/springframework/boot/autoconfigure/orm/jpa/HibernateJpaConfiguration.class]: Invocation of init method failed; nested exception is javax.persistence.PersistenceException: [PersistenceUnit: default] Unable to build Hibernate SessionFactory; nested exception is org.hibernate.tool.schema.spi.SchemaManagementException: Schema-validation: missing column [phone_area_code] in table [company_record]
ERROR [org.springframework.boot.SpringApplication] at org.springframework.beans.factory.support.AbstractAutowireCapableBeanFactory.initializeBean(AbstractAutowireCapableBeanFactory.java:1778): Error creating bean with name 'entityManagerFactory' defined in class path resource [org/springframework/boot/autoconfigure/orm/jpa/HibernateJpaConfiguration.class]: Invocation of init method failed; nested exception is javax.persistence.PersistenceException: [PersistenceUnit: default] Unable to build Hibernate SessionFactory; nested exception is org.hibernate.tool.schema.spi.SchemaManagementException: Schema-validation: missing column [phone_area_code] in table [company_record]
at org.springframework.orm.jpa.AbstractEntityManagerFactoryBean.buildNativeEntityManagerFactory(AbstractEntityManagerFactoryBean.java:402): [PersistenceUnit: default] Unable to build Hibernate SessionFactory; nested exception is org.hibernate.tool.schema.spi.SchemaManagementException: Schema-validation: missing column [phone_area_code] in table [company_record]
at org.hibernate.tool.schema.internal.AbstractSchemaValidator.validateTable(AbstractSchemaValidator.java:136): Schema-validation: missing column [phone_area_code] in table [company_record]
ERROR [org.apache.catalina.core.ContainerBase.[Tomcat].[localhost].[/acme-jobs].[dispatcherServlet]] at acme.framework.utilities.RememberMeLogoutHandler.logout(RememberMeLogoutHandler.java:31): java.lang.AssertionError
ERROR [org.apache.jsp.META_002dINF.views.framework.panic_jsp] HTTP GET /acme-jobs/META-INF/views/framework/page.jsp HTTP/1.1
ERROR [org.apache.jsp.META_002dINF.views.framework.panic_jsp] Status: 500
ERROR [org.apache.jsp.META_002dINF.views.framework.panic_jsp] Exception: org.apache.catalina.core.ApplicationFilterChain.internalDoFilter(ApplicationFilterChain.java:200): Filter execution threw an exception
java.lang.AssertionError
ERROR [org.apache.jsp.META_002dINF.views.framework.panic_jsp] HTTP POST /acme-jobs/META-INF/views/framework/page.jsp HTTP/1.1
ERROR [org.apache.jsp.META_002dINF.views.framework.panic_jsp] Status: 500
ERROR [org.apache.jsp.META_002dINF.views.framework.panic_jsp] Exception: org.springframework.web.servlet.mvc.method.RequestMappingInfoHandlerMapping.handleNoMatch(RequestMappingInfoHandlerMapping.java:200): Request method 'POST' not supported
ERROR [org.apache.jsp.META_002dINF.views.framework.panic_jsp] HTTP GET /acme-jobs/META-INF/views/framework/page.jsp HTTP/1.1
ERROR [org.apache.jsp.META_002dINF.views.framework.panic_jsp] Status: 500
ERROR [org.apache.jsp.META_002dINF.views.framework.panic_jsp] Exception: acme.framework.helpers.Assert.state(Assert.java:40): Access is not authorised
ERROR [org.apache.jsp.META_002dINF.views.framework.panic_jsp] HTTP POST /acme-jobs/META-INF/views/framework/page.jsp HTTP/1.1
ERROR [org.apache.jsp.META_002dINF.views.framework.panic_jsp] Status: 500
ERROR [org.apache.jsp.META_002dINF.views.framework.panic_jsp] Exception: org.springframework.web.servlet.mvc.method.RequestMappingInfoHandlerMapping.handleNoMatch(RequestMappingInfoHandlerMapping.java:200): Request method 'POST' not supported
ERROR [org.apache.jsp.META_002dINF.views.framework.panic_jsp] HTTP GET /acme-jobs/META-INF/views/framework/page.jsp HTTP/1.1
ERROR [org.apache.jsp.META_002dINF.views.framework.panic_jsp] Status: 500
ERROR [org.apache.jsp.META_002dINF.views.framework.panic_jsp] Exception: acme.framework.helpers.Assert.state(Assert.java:40): Access is not authorised
